<?xml version="1.0" encoding="UTF-8"?>
<!-- Generated by org.testng.reporters.JUnitXMLReporter -->
<testsuite ignored="0" hostname="Roshini-Sachin-3HA5S62" failures="0" tests="2" name="Test" time="21.324" errors="0" timestamp="11 Jul 2022 06:37:56 GMT">
  <testcase classname="com.E2EProject.testcases.TC_LoginDDT" name="loginDDT" time="0.0">
    <skipped/>
  </testcase> <!-- loginDDT -->
  <testcase classname="com.E2EProject.testcases.TC_LoginTest" name="logintest" time="5.447"/>
</testsuite> <!-- Test -->
